<?xml version="1.0" encoding="UTF-8"?>
<!-- Generated by org.testng.reporters.JUnitXMLReporter -->
<testsuite ignored="0" hostname="milind-Latitude-3420" failures="2" tests="2" name="Sanity for Callzen" time="4.701" errors="0" timestamp="2024-06-26T18:21:37 IST">
  <testcase classname="com.convozen.Tests.TestChecklistFilters" name="VerifyingChecklistDefaultFilter" time="4.418">
    <failure type="com.microsoft.playwright.impl.TargetClosedError" message="Error {
  message=&amp;apos;Target page, context or browser has been closed
  name=&amp;apos;TargetClosedError
  stack=&amp;apos;TargetClosedError:Target page, context or browser has been closed
Error
    at captureRawStack (/tmp/playwright-java-13808532667995388129/package/lib/utils/stackTrace.js:49:17)
    at LongStandingScope._race (/tmp/playwright-java-13808532667995388129/package/lib/utils/manualPromise.js:91:52)
    at LongStandingScope.race (/tmp/playwright-java-13808532667995388129/package/lib/utils/manualPromise.js:84:17)
    at FrameDispatcher._handleCommand (/tmp/playwright-java-13808532667995388129/package/lib/server/dispatchers/dispatcher.js:96:36)
    at DispatcherConnection.dispatch (/tmp/playwright-java-13808532667995388129/package/lib/server/dispatchers/dispatcher.js:361:39)
}
Call log:
- navigating to &amp;quot;https://nobroker.convozen.ai/&amp;quot;, waiting until &amp;quot;load&amp;quot;
">
      <![CDATA[com.microsoft.playwright.impl.TargetClosedError: Error {
  message='Target page, context or browser has been closed
  name='TargetClosedError
  stack='TargetClosedError:Target page, context or browser has been closed
Error
    at captureRawStack (/tmp/playwright-java-13808532667995388129/package/lib/utils/stackTrace.js:49:17)
    at LongStandingScope._race (/tmp/playwright-java-13808532667995388129/package/lib/utils/manualPromise.js:91:52)
    at LongStandingScope.race (/tmp/playwright-java-13808532667995388129/package/lib/utils/manualPromise.js:84:17)
    at FrameDispatcher._handleCommand (/tmp/playwright-java-13808532667995388129/package/lib/server/dispatchers/dispatcher.js:96:36)
    at DispatcherConnection.dispatch (/tmp/playwright-java-13808532667995388129/package/lib/server/dispatchers/dispatcher.js:361:39)
}
Call log:
- navigating to "https://nobroker.convozen.ai/", waiting until "load"

at com.microsoft.playwright.impl.WaitableResult.get(WaitableResult.java:54)
at com.microsoft.playwright.impl.ChannelOwner.runUntil(ChannelOwner.java:120)
at com.microsoft.playwright.impl.Connection.sendMessage(Connection.java:130)
at com.microsoft.playwright.impl.ChannelOwner.sendMessage(ChannelOwner.java:106)
at com.microsoft.playwright.impl.FrameImpl.navigateImpl(FrameImpl.java:463)
at com.microsoft.playwright.impl.PageImpl.lambda$navigate$46(PageImpl.java:927)
at com.microsoft.playwright.impl.LoggingSupport.withLogging(LoggingSupport.java:47)
at com.microsoft.playwright.impl.ChannelOwner.withLogging(ChannelOwner.java:89)
at com.microsoft.playwright.impl.PageImpl.navigate(PageImpl.java:927)
at com.microsoft.playwright.impl.PageImpl.navigate(PageImpl.java:42)
at com.microsoft.playwright.Page.navigate(Page.java:5530)
at com.convozen.Tests.TestChecklistFilters.getWebLogin(TestChecklistFilters.java:36)
at com.convozen.Tests.TestChecklistFilters.getLoginInstance(TestChecklistFilters.java:22)
at com.convozen.Tests.TestChecklistFilters.VerifyingChecklistDefaultFilter(TestChecklistFilters.java:42)
at java.base/java.util.ArrayList.forEach(ArrayList.java:1541)
Caused by: com.microsoft.playwright.impl.TargetClosedError: Error {
  message='Target page, context or browser has been closed
  name='TargetClosedError
  stack='TargetClosedError:Target page, context or browser has been closed
Error
    at captureRawStack (/tmp/playwright-java-13808532667995388129/package/lib/utils/stackTrace.js:49:17)
    at LongStandingScope._race (/tmp/playwright-java-13808532667995388129/package/lib/utils/manualPromise.js:91:52)
    at LongStandingScope.race (/tmp/playwright-java-13808532667995388129/package/lib/utils/manualPromise.js:84:17)
    at FrameDispatcher._handleCommand (/tmp/playwright-java-13808532667995388129/package/lib/server/dispatchers/dispatcher.js:96:36)
    at DispatcherConnection.dispatch (/tmp/playwright-java-13808532667995388129/package/lib/server/dispatchers/dispatcher.js:361:39)
}
Call log:
- navigating to "https://nobroker.convozen.ai/", waiting until "load"

at com.microsoft.playwright.impl.Connection.dispatch(Connection.java:256)
at com.microsoft.playwright.impl.Connection.processOneMessage(Connection.java:211)
at com.microsoft.playwright.impl.ChannelOwner.runUntil(ChannelOwner.java:118)
... 44 more
... Removed 31 stack frames]]>
    </failure>
  </testcase> <!-- VerifyingChecklistDefaultFilter -->
  <testcase classname="com.convozen.Tests.TestChecklistFilters" name="VerifyingChecklistDefaultFilter" time="4.448">
    <failure type="com.microsoft.playwright.impl.TargetClosedError" message="Error {
  message=&amp;apos;Target page, context or browser has been closed
  name=&amp;apos;TargetClosedError
  stack=&amp;apos;TargetClosedError: Target page, context or browser has been closed
    at DispatcherConnection.dispatch (/tmp/playwright-java-13808532667995388129/package/lib/server/dispatchers/dispatcher.js:273:44)
    at transport.onmessage (/tmp/playwright-java-13808532667995388129/package/lib/cli/driver.js:52:57)
    at Immediate._onImmediate (/tmp/playwright-java-13808532667995388129/package/lib/protocol/transport.js:77:34)
    at process.processImmediate (node:internal/timers:478:21)
}">
      <![CDATA[com.microsoft.playwright.impl.TargetClosedError: Error {
  message='Target page, context or browser has been closed
  name='TargetClosedError
  stack='TargetClosedError: Target page, context or browser has been closed
    at DispatcherConnection.dispatch (/tmp/playwright-java-13808532667995388129/package/lib/server/dispatchers/dispatcher.js:273:44)
    at transport.onmessage (/tmp/playwright-java-13808532667995388129/package/lib/cli/driver.js:52:57)
    at Immediate._onImmediate (/tmp/playwright-java-13808532667995388129/package/lib/protocol/transport.js:77:34)
    at process.processImmediate (node:internal/timers:478:21)
}
at com.microsoft.playwright.impl.WaitableResult.get(WaitableResult.java:54)
at com.microsoft.playwright.impl.ChannelOwner.runUntil(ChannelOwner.java:120)
at com.microsoft.playwright.impl.Connection.sendMessage(Connection.java:130)
at com.microsoft.playwright.impl.ChannelOwner.sendMessage(ChannelOwner.java:106)
at com.microsoft.playwright.impl.PageImpl.screenshotImpl(PageImpl.java:1185)
at com.microsoft.playwright.impl.PageImpl.lambda$screenshot$66(PageImpl.java:1129)
at com.microsoft.playwright.impl.LoggingSupport.withLogging(LoggingSupport.java:47)
at com.microsoft.playwright.impl.ChannelOwner.withLogging(ChannelOwner.java:89)
at com.microsoft.playwright.impl.PageImpl.screenshot(PageImpl.java:1129)
at com.convozen.Utils.TestListeners.onTestFailure(TestListeners.java:72)
at java.base/java.util.ArrayList.forEach(ArrayList.java:1541)
Caused by: com.microsoft.playwright.impl.TargetClosedError: Error {
  message='Target page, context or browser has been closed
  name='TargetClosedError
  stack='TargetClosedError: Target page, context or browser has been closed
    at DispatcherConnection.dispatch (/tmp/playwright-java-13808532667995388129/package/lib/server/dispatchers/dispatcher.js:273:44)
    at transport.onmessage (/tmp/playwright-java-13808532667995388129/package/lib/cli/driver.js:52:57)
    at Immediate._onImmediate (/tmp/playwright-java-13808532667995388129/package/lib/protocol/transport.js:77:34)
    at process.processImmediate (node:internal/timers:478:21)
}
at com.microsoft.playwright.impl.Connection.dispatch(Connection.java:256)
at com.microsoft.playwright.impl.Connection.processOneMessage(Connection.java:211)
at com.microsoft.playwright.impl.ChannelOwner.runUntil(ChannelOwner.java:118)
... 37 more
... Removed 28 stack frames]]>
    </failure>
  </testcase> <!-- VerifyingChecklistDefaultFilter -->
</testsuite> <!-- Sanity for Callzen -->
