<?xml version="1.0" encoding="UTF-8"?>
<testsuite xmlns:xsi="http://www.w3.org/2001/XMLSchema-instance" xsi:noNamespaceSchemaLocation="https://maven.apache.org/surefire/maven-surefire-plugin/xsd/surefire-test-report-3.0.xsd" version="3.0" name="TestSuite" time="25.305" tests="1" errors="0" skipped="0" failures="0">
  <properties>
[...]
</properties>
  <testcase name="test" classname="com.convozen.Tests.TestNewCode" time="23.2">
    <system-out><![CDATA[[============== Started Test method [Test] =========]
Launching the Headless chrome browser
[7:41:59 PM] INFO: Opening URL: https://nobroker.convozen.ai/
[7:42:04 PM] INFO: Entering username: system@callzen.ai
[7:42:04 PM] INFO: Entering password: ********
[7:42:06 PM] INFO: Clicking on Sign In button
[7:42:06 PM] INFO: Successfully logged in
[7:42:18 PM] INFO: Navigated on the Calls Page
[7:42:19 PM] INFO: Successfully validated the default applied filters: [Call Duration:> 30 secs,View By:Today,Transcribed Calls,Processed,]
]]></system-out>
    <system-err><![CDATA[SLF4J: No SLF4J providers were found.
SLF4J: Defaulting to no-operation (NOP) logger implementation
SLF4J: See https://www.slf4j.org/codes.html#noProviders for further details.
]]></system-err>
  </testcase>
</testsuite>