<?xml version="1.0" encoding="UTF-8"?>
<testng-results ignored="0" total="1" passed="1" failed="0" skipped="0">
  <reporter-output>
  </reporter-output>
  <suite started-at="2024-06-20T00:55:19 IST" name="Default suite" finished-at="2024-06-20T00:55:25 IST" duration-ms="6570">
    <groups>
    </groups>
    <test started-at="2024-06-20T00:55:19 IST" name="Default test" finished-at="2024-06-20T00:55:25 IST" duration-ms="6570">
      <class name="com.convozen.Tests.RunTest_2">
        <test-method signature="testPageTitle()[pri:0, instance:com.convozen.Tests.RunTest_2@5ffead27]" started-at="2024-06-20T00:55:19 IST" name="testPageTitle" finished-at="2024-06-20T00:55:25 IST" duration-ms="6501" status="PASS">
          <reporter-output>
          </reporter-output>
        </test-method> <!-- testPageTitle -->
        <test-method is-config="true" signature="tearDown()[pri:0, instance:com.convozen.Tests.RunTest_2@5ffead27]" started-at="2024-06-20T00:55:25 IST" name="tearDown" finished-at="2024-06-20T00:55:25 IST" duration-ms="35" status="PASS">
          <reporter-output>
          </reporter-output>
        </test-method> <!-- tearDown -->
      </class> <!-- com.convozen.Tests.RunTest_2 -->
    </test> <!-- Default test -->
  </suite> <!-- Default suite -->
</testng-results>
